[     822ms] [INFO] May-26 09:08:48.681 [METRICS] Starting timers for metrics collection @ https://a.slack-edge.com/bv1-13-br/gantry-v2-shared.d5d28cf46da93ca3e8be.min.js?cacheKey=gantry-1779773253:0
[    1313ms] [INFO] May-26 09:08:49.172 [APP] client-v2 @ https://a.slack-edge.com/bv1-13-br/gantry-v2-shared.d5d28cf46da93ca3e8be.min.js?cacheKey=gantry-1779773253:0
[    1313ms] [INFO] May-26 09:08:49.172 [DATE/TIME] 1779779329172 Tue May 26 2026 09:08:49 GMT+0200 (Central European Summer Time) @ https://a.slack-edge.com/bv1-13-br/gantry-v2-shared.d5d28cf46da93ca3e8be.min.js?cacheKey=gantry-1779773253:0
[    1316ms] [INFO] May-26 09:08:49.176 [VERSION] version_hash: a4ed6da6ef2ab912393cee4d863db789686eada5 @ https://a.slack-edge.com/bv1-13-br/gantry-v2-shared.d5d28cf46da93ca3e8be.min.js?cacheKey=gantry-1779773253:0
[    1316ms] [INFO] May-26 09:08:49.176 [VERSION] version_ts: 1779773253 @ https://a.slack-edge.com/bv1-13-br/gantry-v2-shared.d5d28cf46da93ca3e8be.min.js?cacheKey=gantry-1779773253:0
[    1316ms] [INFO] May-26 09:08:49.176 [VERSION] min_version_data_ts: 1722374725 @ https://a.slack-edge.com/bv1-13-br/gantry-v2-shared.d5d28cf46da93ca3e8be.min.js?cacheKey=gantry-1779773253:0
[    1317ms] [INFO] May-26 09:08:49.176 [URL] https://app.slack.com/client @ https://a.slack-edge.com/bv1-13-br/gantry-v2-shared.d5d28cf46da93ca3e8be.min.js?cacheKey=gantry-1779773253:0
[    1317ms] [WARNING] May-26 09:08:49.177 [AUTH] lc cookie (NaN) is missing @ https://a.slack-edge.com/bv1-13-br/gantry-v2-shared.d5d28cf46da93ca3e8be.min.js?cacheKey=gantry-1779773253:0
[    1318ms] [INFO] May-26 09:08:49.178 [AUTH] Need to re-fetch auth (sc=NaN, psc=NaN, csc=NaN, mfc=true, lf=0, mf=1635006011, sae=false) @ https://a.slack-edge.com/bv1-13-br/gantry-v2-shared.d5d28cf46da93ca3e8be.min.js?cacheKey=gantry-1779773253:0
[    1319ms] [INFO] May-26 09:08:49.178 [AUTH] fetchAuthAndReturnToUrl: auth fetch times: 1779779329178 @ https://a.slack-edge.com/bv1-13-br/gantry-v2-shared.d5d28cf46da93ca3e8be.min.js?cacheKey=gantry-1779773253:0
[    1319ms] [INFO] May-26 09:08:49.179 [AUTH] fetchAuthAndReturnToUrl: will return to /client @ https://a.slack-edge.com/bv1-13-br/gantry-v2-shared.d5d28cf46da93ca3e8be.min.js?cacheKey=gantry-1779773253:0
[    1319ms] [INFO] May-26 09:08:49.179 [AUTH] fetchAuthAndReturnToUrl: fetching credentials with iframe at /auth?app=client&return_to=%2Fclient&teams= @ https://a.slack-edge.com/bv1-13-br/gantry-v2-shared.d5d28cf46da93ca3e8be.min.js?cacheKey=gantry-1779773253:0
[    1387ms] [LOG] [WD] All assets have reported back; s: 7; f: 0 @ https://app.slack.com/client:0
[    1524ms] [LOG] [AUTH] credentials are ready @ https://app.slack.com/auth?app=client&return_to=%2Fclient&teams=&iframe=1:3
[    1526ms] [INFO] May-26 09:08:49.386 [AUTH] credentials are ready ({"added":[],"changed":[],"removed":[],"pending":[],"isNoOp":true,"areChangedTeamsIncompatible":false}) @ https://a.slack-edge.com/bv1-13-br/gantry-v2-shared.d5d28cf46da93ca3e8be.min.js?cacheKey=gantry-1779773253:0
[    1526ms] [INFO] May-26 09:08:49.386 [LOCAL-CONFIG] ingestIncomingConfig(): processing 101 bytes of data @ https://a.slack-edge.com/bv1-13-br/gantry-v2-shared.d5d28cf46da93ca3e8be.min.js?cacheKey=gantry-1779773253:0
[    1527ms] [INFO] May-26 09:08:49.386 [LOCAL-CONFIG] No "teams" in new local config. IncomingConfig: . New Config: . Previous Config: . @ https://a.slack-edge.com/bv1-13-br/gantry-v2-shared.d5d28cf46da93ca3e8be.min.js?cacheKey=gantry-1779773253:0
[    1527ms] [INFO] May-26 09:08:49.386 [LOCAL-CONFIG] ingestIncomingConfig(): teams before: (none), teams now: (no change) @ https://a.slack-edge.com/bv1-13-br/gantry-v2-shared.d5d28cf46da93ca3e8be.min.js?cacheKey=gantry-1779773253:0
[    1527ms] [INFO] May-26 09:08:49.387 [BOOT] Initial user team ID: undefined @ https://a.slack-edge.com/bv1-13-br/gantry-v2-shared.d5d28cf46da93ca3e8be.min.js?cacheKey=gantry-1779773253:0
[    1527ms] [WARNING] May-26 09:08:49.387 [AUTH] Not signed into any teams @ https://a.slack-edge.com/bv1-13-br/gantry-v2-shared.d5d28cf46da93ca3e8be.min.js?cacheKey=gantry-1779773253:0
[    1527ms] [INFO] May-26 09:08:49.387 [AUTH] Navigating to sign-in @ https://a.slack-edge.com/bv1-13-br/gantry-v2-shared.d5d28cf46da93ca3e8be.min.js?cacheKey=gantry-1779773253:0
[    1527ms] [INFO] May-26 09:08:49.387 [AUTH] Expired team: undefined. Sign in url: /workspace-signin?redir=%2Fgantry%2Fauth%3Fapp%3Dclient%26lc%3D1779779329%26return_to%3D%252Fclient%26teams%3D @ https://a.slack-edge.com/bv1-13-br/gantry-v2-shared.d5d28cf46da93ca3e8be.min.js?cacheKey=gantry-1779773253:0
[    2395ms] [LOG] 11 CDN assets loaded OK @ https://app.slack.com/workspace-signin?redir=%2Fgantry%2Fauth%3Fapp%3Dclient%26lc%3D1779779329%26return_to%3D%252Fclient%26teams%3D:144
[    2417ms] [INFO] May-26 09:08:50.276 [TRACER] Tracing is not sampled by default for this session. @ https://a.slack-edge.com/bv1-13-br/signin-core.10ccd909e4c28cd293aa.primer.min.js:140
[    2422ms] [WARNING] May-26 09:08:50.281 TELEMETRY You tried to get a team-specific telemeter but didn’t provide enough context and are getting the generic telemeter instead which is likely not what you want. @ https://a.slack-edge.com/bv1-13-br/signin-core.10ccd909e4c28cd293aa.primer.min.js:140
[    2494ms] [WARNING] May-26 09:08:50.353 TRACES You tried to get a team-specific tracer but didn’t provide enough context and are getting the generic tracer instead which is likely not what you want. @ https://a.slack-edge.com/bv1-13-br/signin-core.10ccd909e4c28cd293aa.primer.min.js:140
[    2496ms] [WARNING] May-26 09:08:50.356 TRACES You tried to get a team-specific tracer but didn’t provide enough context and are getting the generic tracer instead which is likely not what you want. @ https://a.slack-edge.com/bv1-13-br/signin-core.10ccd909e4c28cd293aa.primer.min.js:140
[    2497ms] [INFO] May-26 09:08:50.356 [API-Q] (T00000000) noversion-1779779330.354 signin.findWorkspaces called with reason: get_started_already_signed_into @ https://a.slack-edge.com/bv1-13-br/signin-core.10ccd909e4c28cd293aa.primer.min.js:140
[    2497ms] [INFO] May-26 09:08:50.356 [API-Q] (T00000000) noversion-1779779330.354 signin.findWorkspaces is ENQUEUED @ https://a.slack-edge.com/bv1-13-br/signin-core.10ccd909e4c28cd293aa.primer.min.js:140
[    3117ms] [INFO] May-26 09:08:50.976 [API-Q] (T00000000) noversion-1779779330.354 signin.findWorkspaces is ACTIVE @ https://a.slack-edge.com/bv1-13-br/signin-core.10ccd909e4c28cd293aa.primer.min.js:140
[    3264ms] [INFO] May-26 09:08:51.123 [API-Q] (T00000000) noversion-1779779330.354 signin.findWorkspaces is RESOLVED @ https://a.slack-edge.com/bv1-13-br/signin-core.10ccd909e4c28cd293aa.primer.min.js:140
[    3269ms] [WARNING] May-26 09:08:51.128 TRACES You tried to get a team-specific tracer but didn’t provide enough context and are getting the generic tracer instead which is likely not what you want. @ https://a.slack-edge.com/bv1-13-br/signin-core.10ccd909e4c28cd293aa.primer.min.js:140
[    3269ms] [WARNING] May-26 09:08:51.128 TRACES You tried to get a team-specific tracer but didn’t provide enough context and are getting the generic tracer instead which is likely not what you want. @ https://a.slack-edge.com/bv1-13-br/signin-core.10ccd909e4c28cd293aa.primer.min.js:140
[    3269ms] [INFO] May-26 09:08:51.128 [API-Q] (T00000000) noversion-1779779331.128 signin.findWorkspaces called with reason: get_started_already_signed_into @ https://a.slack-edge.com/bv1-13-br/signin-core.10ccd909e4c28cd293aa.primer.min.js:140
[    3269ms] [INFO] May-26 09:08:51.129 [API-Q] (T00000000) noversion-1779779331.128 signin.findWorkspaces is ENQUEUED @ https://a.slack-edge.com/bv1-13-br/signin-core.10ccd909e4c28cd293aa.primer.min.js:140
[    3269ms] [INFO] May-26 09:08:51.129 [API-Q] (T00000000) noversion-1779779331.128 signin.findWorkspaces is ACTIVE @ https://a.slack-edge.com/bv1-13-br/signin-core.10ccd909e4c28cd293aa.primer.min.js:140
[    3392ms] [INFO] May-26 09:08:51.251 [API-Q] (T00000000) noversion-1779779331.128 signin.findWorkspaces is RESOLVED @ https://a.slack-edge.com/bv1-13-br/signin-core.10ccd909e4c28cd293aa.primer.min.js:140
